Loaded plugins: fastestmirror, presto
Loading mirror speeds from cached hostfile
 * rpmforge: mirrors.neusoft.edu.cn
Setting up Install Process
Package python-devel-2.6.6-52.el6.x86_64 already installed and latest version
Nothing to do
Loaded plugins: fastestmirror, presto
Loading mirror speeds from cached hostfile
 * rpmforge: mirrors.neusoft.edu.cn
Setting up Group Process
Checking for new repos for mirrors
Package flex-2.5.35-9.el6.x86_64 already installed and latest version
Package gcc-4.4.7-11.el6.x86_64 already installed and latest version
Package redhat-rpm-config-9.0.3-42.el6.centos.noarch already installed and latest version
Package rpm-build-4.8.0-38.el6_6.x86_64 already installed and latest version
Package 1:make-3.81-20.el6.x86_64 already installed and latest version
Package patch-2.6-6.el6.x86_64 already installed and latest version
Package 1:pkgconfig-0.23-9.1.el6.x86_64 already installed and latest version
Package gettext-0.17-18.el6.x86_64 already installed and latest version
Package automake-1.11.1-4.el6.noarch already installed and latest version
Package bison-2.4.1-5.el6.x86_64 already installed and latest version
Package libtool-2.2.6-15.5.el6.x86_64 already installed and latest version
Package autoconf-2.63-5.1.el6.noarch already installed and latest version
Package gcc-c++-4.4.7-11.el6.x86_64 already installed and latest version
Package binutils-2.20.51.0.2-5.42.el6.x86_64 already installed and latest version
Package patchutils-0.3.1-3.1.el6.x86_64 already installed and latest version
Package byacc-1.9.20070509-7.el6.x86_64 already installed and latest version
Package indent-2.2.10-7.el6.x86_64 already installed and latest version
Package systemtap-2.5-5.el6.x86_64 already installed and latest version
Package diffstat-1.51-2.el6.x86_64 already installed and latest version
Package elfutils-0.158-3.2.el6.x86_64 already installed and latest version
Package cvs-1.11.23-16.el6.x86_64 already installed and latest version
Package rcs-5.7-37.el6.x86_64 already installed and latest version
Package subversion-1.6.11-12.el6_6.x86_64 already installed and latest version
Package gcc-gfortran-4.4.7-11.el6.x86_64 already installed and latest version
Package 1:doxygen-1.6.1-6.el6.x86_64 already installed and latest version
Package intltool-0.41.0-1.1.el6.noarch already installed and latest version
Package git-1.7.1-3.el6_4.1.x86_64 already installed and latest version
Package ctags-5.8-2.el6.x86_64 already installed and latest version
Package cscope-15.6-6.el6.x86_64 already installed and latest version
Package swig-1.3.40-6.el6.x86_64 already installed and latest version
No packages in any requested group available to install or update
Retrieving http://download.fedoraproject.org/pub/epel/7/x86_64/e/epel-release-7-5.noarch.rpm
Preparing...                ##################################################
Loaded plugins: fastestmirror, presto
Loading mirror speeds from cached hostfile
 * rpmforge: mirrors.neusoft.edu.cn
Setting up Install Process
No package the_silver_searcher available.
 wget install......
Loaded plugins: fastestmirror, presto
Loading mirror speeds from cached hostfile
 * rpmforge: mirrors.neusoft.edu.cn
Setting up Install Process
Package wget-1.12-5.el6_6.1.x86_64 already installed and latest version
Nothing to do
 pip install.......
Retrieving http://dl.fedoraproject.org/pub/epel/7/x86_64/e/epel-release-7-5.noarch.rpm
Loaded plugins: fastestmirror, presto
Loading mirror speeds from cached hostfile
 * rpmforge: mirrors.neusoft.edu.cn
Setting up Install Process
Package matching epel-release-6-8.noarch already installed. Checking for update.
Nothing to do
Loaded plugins: fastestmirror, presto
Loading mirror speeds from cached hostfile
 * rpmforge: mirrors.neusoft.edu.cn
Setting up Install Process
No package python-pip available.
 tmux env install........
Loaded plugins: fastestmirror, presto
Loading mirror speeds from cached hostfile
 * rpmforge: mirrors.neusoft.edu.cn
Setting up Install Process
Package ncurses-devel-5.7-3.20090208.el6.x86_64 already installed and latest version
Nothing to do
Loaded plugins: fastestmirror, presto
Loading mirror speeds from cached hostfile
 * rpmforge: mirrors.neusoft.edu.cn
Setting up Install Process
Package autoconf-2.63-5.1.el6.noarch already installed and latest version
Package m4-1.4.13-5.el6.x86_64 already installed and latest version
Package 4:perl-5.10.1-136.el6_6.1.x86_64 already installed and latest version
Package automake-1.11.1-4.el6.noarch already installed and latest version
Nothing to do
Requirement already satisfied (use --upgrade to upgrade): pyflakes in /usr/lib/python2.6/site-packages
Cleaning up...
Requirement already satisfied (use --upgrade to upgrade): pylint in /usr/lib/python2.6/site-packages
Requirement already satisfied (use --upgrade to upgrade): logilab-common>=0.53.0 in /usr/lib/python2.6/site-packages (from pylint)
Requirement already satisfied (use --upgrade to upgrade): astroid>=1.3.6 in /usr/lib/python2.6/site-packages (from pylint)
Requirement already satisfied (use --upgrade to upgrade): six in /usr/lib/python2.6/site-packages/six-1.9.0-py2.6.egg (from pylint)
Requirement already satisfied (use --upgrade to upgrade): distribute in /usr/lib/python2.6/site-packages (from logilab-common>=0.53.0->pylint)
Requirement already satisfied (use --upgrade to upgrade): unittest2>=0.5.1 in /usr/lib/python2.6/site-packages (from logilab-common>=0.53.0->pylint)
Requirement already satisfied (use --upgrade to upgrade): argparse in /usr/lib/python2.6/site-packages/argparse-1.3.0-py2.6.egg (from unittest2>=0.5.1->logilab-common>=0.53.0->pylint)
Requirement already satisfied (use --upgrade to upgrade): traceback2 in /usr/lib/python2.6/site-packages (from unittest2>=0.5.1->logilab-common>=0.53.0->pylint)
Requirement already satisfied (use --upgrade to upgrade): linecache2 in /usr/lib/python2.6/site-packages (from traceback2->unittest2>=0.5.1->logilab-common>=0.53.0->pylint)
Cleaning up...
Requirement already satisfied (use --upgrade to upgrade): pep8 in /usr/lib/python2.6/site-packages
Cleaning up...
Loaded plugins: fastestmirror, presto
Loading mirror speeds from cached hostfile
 * rpmforge: mirrors.neusoft.edu.cn
Setting up Install Process
Package mlocate-0.22.2-4.el6.x86_64 already installed and latest version
Nothing to do
